<?xml version="1.0" encoding="UTF-8"?>
<!-- Generated by org.testng.reporters.JUnitReportReporter -->
<testsuite skipped="0" hostname="IT000740.local" name="com.adidas.petstore.runner.CommonRunner" tests="1" failures="0" timestamp="31 Oct 2020 11:10:03 GMT" time="6.143" errors="0">
  <testcase name="feature" time="6.143" classname="com.adidas.petstore.runner.CommonRunner"/>
</testsuite> <!-- com.adidas.petstore.runner.CommonRunner -->
